0 info it worked if it ends with ok
1 verbose cli [ '/usr/local/bin/node',
1 verbose cli   '/usr/local/bin/npm',
1 verbose cli   'install',
1 verbose cli   'bcrypt' ]
2 info using npm@3.10.10
3 info using node@v10.15.3
4 silly loadCurrentTree Starting
5 silly install loadCurrentTree
6 silly install readLocalPackageData
7 silly fetchPackageMetaData bcrypt
8 silly fetchNamedPackageData bcrypt
9 silly mapToRegistry name bcrypt
10 silly mapToRegistry using default registry
11 silly mapToRegistry registry https://registry.npmjs.org/
12 silly mapToRegistry data Result {
12 silly mapToRegistry   raw: 'bcrypt',
12 silly mapToRegistry   scope: null,
12 silly mapToRegistry   escapedName: 'bcrypt',
12 silly mapToRegistry   name: 'bcrypt',
12 silly mapToRegistry   rawSpec: '',
12 silly mapToRegistry   spec: 'latest',
12 silly mapToRegistry   type: 'tag' }
13 silly mapToRegistry uri https://registry.npmjs.org/bcrypt
14 verbose request uri https://registry.npmjs.org/bcrypt
15 verbose request no auth needed
16 info attempt registry request try #1 at 16:27:51
17 verbose request id 963bd057a6253096
18 verbose etag W/"28c7bde016587b8b06261bbdab6a979c"
19 verbose lastModified Tue, 19 Mar 2019 12:54:38 GMT
20 http request GET https://registry.npmjs.org/bcrypt
21 http 304 https://registry.npmjs.org/bcrypt
22 verbose headers { date: 'Mon, 01 Apr 2019 15:27:51 GMT',
22 verbose headers   connection: 'keep-alive',
22 verbose headers   'set-cookie':
22 verbose headers    [ '__cfduid=dc3199d748b55e86ef9630602cbe654781554132471; expires=Tue, 31-Mar-20 15:27:51 GMT; path=/; domain=.registry.npmjs.org; HttpOnly' ],
22 verbose headers   'cf-cache-status': 'HIT',
22 verbose headers   'cache-control': 'max-age=300',
22 verbose headers   'cf-ray': '4c0b96ed0bad621e-LIS',
22 verbose headers   etag: '"28c7bde016587b8b06261bbdab6a979c"',
22 verbose headers   'expect-ct':
22 verbose headers    'max-age=604800, report-uri="https://report-uri.cloudflare.com/cdn-cgi/beacon/expect-ct"',
22 verbose headers   'last-modified': 'Tue, 19 Mar 2019 12:54:38 GMT',
22 verbose headers   vary: 'accept-encoding, accept',
22 verbose headers   'x-amz-meta-rev': '489-0a65db528292a4e99d698205dc06377a',
22 verbose headers   server: 'cloudflare' }
23 silly get cb [ 304,
23 silly get   { date: 'Mon, 01 Apr 2019 15:27:51 GMT',
23 silly get     connection: 'keep-alive',
23 silly get     'set-cookie':
23 silly get      [ '__cfduid=dc3199d748b55e86ef9630602cbe654781554132471; expires=Tue, 31-Mar-20 15:27:51 GMT; path=/; domain=.registry.npmjs.org; HttpOnly' ],
23 silly get     'cf-cache-status': 'HIT',
23 silly get     'cache-control': 'max-age=300',
23 silly get     'cf-ray': '4c0b96ed0bad621e-LIS',
23 silly get     etag: '"28c7bde016587b8b06261bbdab6a979c"',
23 silly get     'expect-ct':
23 silly get      'max-age=604800, report-uri="https://report-uri.cloudflare.com/cdn-cgi/beacon/expect-ct"',
23 silly get     'last-modified': 'Tue, 19 Mar 2019 12:54:38 GMT',
23 silly get     vary: 'accept-encoding, accept',
23 silly get     'x-amz-meta-rev': '489-0a65db528292a4e99d698205dc06377a',
23 silly get     server: 'cloudflare' } ]
24 verbose etag https://registry.npmjs.org/bcrypt from cache
25 verbose get saving bcrypt to /Users/diogovieira/.npm/registry.npmjs.org/bcrypt/.cache.json
26 verbose correctMkdir /Users/diogovieira/.npm correctMkdir not in flight; initializing
27 silly install normalizeTree
28 silly loadCurrentTree Finishing
29 silly loadIdealTree Starting
30 silly install loadIdealTree
31 silly cloneCurrentTree Starting
32 silly install cloneCurrentTreeToIdealTree
33 silly cloneCurrentTree Finishing
34 silly loadShrinkwrap Starting
35 silly install loadShrinkwrap
36 silly loadShrinkwrap Finishing
37 silly loadAllDepsIntoIdealTree Starting
38 silly install loadAllDepsIntoIdealTree
39 silly resolveWithNewModule bcrypt@3.0.5 checking installable status
40 silly cache add args [ 'bcrypt', null ]
41 verbose cache add spec bcrypt
42 silly cache add parsed spec Result {
42 silly cache add   raw: 'bcrypt',
42 silly cache add   scope: null,
42 silly cache add   escapedName: 'bcrypt',
42 silly cache add   name: 'bcrypt',
42 silly cache add   rawSpec: '',
42 silly cache add   spec: 'latest',
42 silly cache add   type: 'tag' }
43 silly addNamed bcrypt@latest
44 verbose addNamed "latest" is being treated as a dist-tag for bcrypt
45 info addNameTag [ 'bcrypt', 'latest' ]
46 silly mapToRegistry name bcrypt
47 silly mapToRegistry using default registry
48 silly mapToRegistry registry https://registry.npmjs.org/
49 silly mapToRegistry data Result {
49 silly mapToRegistry   raw: 'bcrypt',
49 silly mapToRegistry   scope: null,
49 silly mapToRegistry   escapedName: 'bcrypt',
49 silly mapToRegistry   name: 'bcrypt',
49 silly mapToRegistry   rawSpec: '',
49 silly mapToRegistry   spec: 'latest',
49 silly mapToRegistry   type: 'tag' }
50 silly mapToRegistry uri https://registry.npmjs.org/bcrypt
51 verbose addNameTag registry:https://registry.npmjs.org/bcrypt not in flight; fetching
52 verbose get https://registry.npmjs.org/bcrypt not expired, no request
53 silly addNameTag next cb for bcrypt with tag latest
54 silly addNamed bcrypt@3.0.5
55 verbose addNamed "3.0.5" is a plain semver version for bcrypt
56 silly cache afterAdd bcrypt@3.0.5
57 verbose afterAdd /Users/diogovieira/.npm/bcrypt/3.0.5/package/package.json not in flight; writing
58 verbose correctMkdir /Users/diogovieira/.npm correctMkdir not in flight; initializing
59 verbose afterAdd /Users/diogovieira/.npm/bcrypt/3.0.5/package/package.json written
60 silly loadAllDepsIntoIdealTree Finishing
61 silly loadIdealTree Finishing
62 silly currentTree app@1.0.0
62 silly currentTree ├── @types/body-parser@1.16.8
62 silly currentTree ├── @types/express-serve-static-core@4.0.56
62 silly currentTree ├── @types/express@4.0.39
62 silly currentTree ├── @types/mime@2.0.0
62 silly currentTree ├── @types/node@8.0.53
62 silly currentTree ├── @types/serve-static@1.13.1
62 silly currentTree ├── abbrev@1.1.1
62 silly currentTree ├── accepts@1.3.4
62 silly currentTree ├── ajv@6.10.0
62 silly currentTree ├── amdefine@1.0.1
62 silly currentTree ├── ansi-regex@2.1.1
62 silly currentTree ├── api-request-simple@1.3.1
62 silly currentTree ├── aproba@1.2.0
62 silly currentTree ├── are-we-there-yet@1.1.5
62 silly currentTree ├── array-flatten@1.1.1
62 silly currentTree ├── asn1@0.2.4
62 silly currentTree ├── assert-plus@1.0.0
62 silly currentTree ├── async@0.2.10
62 silly currentTree ├── asynckit@0.4.0
62 silly currentTree ├── aws-sign2@0.7.0
62 silly currentTree ├── aws4@1.8.0
62 silly currentTree ├── balanced-match@1.0.0
62 silly currentTree ├─┬ basic-auth@2.0.1
62 silly currentTree │ └── safe-buffer@5.1.2
62 silly currentTree ├── bcrypt-nodejs@0.0.3
62 silly currentTree ├── bcrypt-pbkdf@1.0.2
62 silly currentTree ├── bignumber.js@4.1.0
62 silly currentTree ├── bluebird@3.5.3
62 silly currentTree ├─┬ body-parser@1.18.2
62 silly currentTree │ └── qs@6.5.1
62 silly currentTree ├── brace-expansion@1.1.11
62 silly currentTree ├── bytes@3.0.0
62 silly currentTree ├── camelcase@1.2.1
62 silly currentTree ├── caseless@0.12.0
62 silly currentTree ├── chownr@1.1.1
62 silly currentTree ├── code-point-at@1.1.0
62 silly currentTree ├── combined-stream@1.0.7
62 silly currentTree ├── concat-map@0.0.1
62 silly currentTree ├── console-control-strings@1.1.0
62 silly currentTree ├── content-disposition@0.5.2
62 silly currentTree ├── content-type@1.0.4
62 silly currentTree ├── cookie-parser@1.4.3
62 silly currentTree ├── cookie-signature@1.0.6
62 silly currentTree ├── cookie@0.3.1
62 silly currentTree ├── core-util-is@1.0.2
62 silly currentTree ├── crc@3.4.4
62 silly currentTree ├── csso@1.3.12
62 silly currentTree ├── dashdash@1.14.1
62 silly currentTree ├── debug@2.6.9
62 silly currentTree ├── decamelize@1.2.0
62 silly currentTree ├── deep-extend@0.6.0
62 silly currentTree ├── delayed-stream@1.0.0
62 silly currentTree ├── delegates@1.0.0
62 silly currentTree ├── depd@1.1.1
62 silly currentTree ├── destroy@1.0.4
62 silly currentTree ├── detect-libc@1.0.3
62 silly currentTree ├── ecc-jsbn@0.1.2
62 silly currentTree ├── ee-first@1.1.1
62 silly currentTree ├── ejs@2.5.7
62 silly currentTree ├── encodeurl@1.0.1
62 silly currentTree ├── escape-html@1.0.3
62 silly currentTree ├── etag@1.8.1
62 silly currentTree ├── express-session@1.15.6
62 silly currentTree ├── express-validator@4.3.0
62 silly currentTree ├─┬ express@4.16.2
62 silly currentTree │ ├── qs@6.5.1
62 silly currentTree │ ├── setprototypeof@1.1.0
62 silly currentTree │ └── statuses@1.3.1
62 silly currentTree ├── extend@3.0.2
62 silly currentTree ├── extsprintf@1.3.0
62 silly currentTree ├── fast-deep-equal@2.0.1
62 silly currentTree ├── fast-json-stable-stringify@2.0.0
62 silly currentTree ├── ff@0.2.2
62 silly currentTree ├─┬ finalhandler@1.1.0
62 silly currentTree │ └── statuses@1.3.1
62 silly currentTree ├── forever-agent@0.6.1
62 silly currentTree ├── form-data@2.3.3
62 silly currentTree ├── forwarded@0.1.2
62 silly currentTree ├── fresh@0.5.2
62 silly currentTree ├── fs-minipass@1.2.5
62 silly currentTree ├── fs.realpath@1.0.0
62 silly currentTree ├── gauge@2.7.4
62 silly currentTree ├── getpass@0.1.7
62 silly currentTree ├── glob@7.1.3
62 silly currentTree ├── har-schema@2.0.0
62 silly currentTree ├── har-validator@5.1.3
62 silly currentTree ├── has-unicode@2.0.1
62 silly currentTree ├── http-errors@1.6.2
62 silly currentTree ├── http-signature@1.2.0
62 silly currentTree ├── http@0.0.0
62 silly currentTree ├── iconv-lite@0.4.19
62 silly currentTree ├── ignore-walk@3.0.1
62 silly currentTree ├── inflight@1.0.6
62 silly currentTree ├── inherits@2.0.3
62 silly currentTree ├── ini@1.3.5
62 silly currentTree ├── ipaddr.js@1.5.2
62 silly currentTree ├── is-fullwidth-code-point@1.0.0
62 silly currentTree ├── is-typedarray@1.0.0
62 silly currentTree ├── isarray@1.0.0
62 silly currentTree ├── isstream@0.1.2
62 silly currentTree ├── jsbn@0.1.1
62 silly currentTree ├── json-schema-traverse@0.4.1
62 silly currentTree ├── json-schema@0.2.3
62 silly currentTree ├── json-stringify-safe@5.0.1
62 silly currentTree ├── jsprim@1.4.1
62 silly currentTree ├── lodash@4.17.11
62 silly currentTree ├── media-typer@0.3.0
62 silly currentTree ├── merge-descriptors@1.0.1
62 silly currentTree ├── methods@1.1.2
62 silly currentTree ├── mime-db@1.30.0
62 silly currentTree ├── mime-types@2.1.17
62 silly currentTree ├── mime@1.4.1
62 silly currentTree ├── minimatch@3.0.4
62 silly currentTree ├── minimist@0.0.8
62 silly currentTree ├─┬ minipass@2.3.5
62 silly currentTree │ └── safe-buffer@5.1.2
62 silly currentTree ├── minizlib@1.2.1
62 silly currentTree ├── mkdirp@0.5.1
62 silly currentTree ├─┬ morgan@1.9.1
62 silly currentTree │ └── depd@1.1.2
62 silly currentTree ├── ms@2.0.0
62 silly currentTree ├─┬ mysql@2.16.0
62 silly currentTree │ └── safe-buffer@5.1.2
62 silly currentTree ├── nan@2.13.1
62 silly currentTree ├── needle@2.2.4
62 silly currentTree ├── negotiator@0.6.1
62 silly currentTree ├── node-pre-gyp@0.12.0
62 silly currentTree ├── nopt@4.0.1
62 silly currentTree ├── npm-bundled@1.0.6
62 silly currentTree ├── npm-packlist@1.4.1
62 silly currentTree ├── npmlog@4.1.2
62 silly currentTree ├── number-is-nan@1.0.1
62 silly currentTree ├── oauth-sign@0.9.0
62 silly currentTree ├── object-assign@4.1.1
62 silly currentTree ├── on-finished@2.3.0
62 silly currentTree ├── on-headers@1.0.1
62 silly currentTree ├── once@1.4.0
62 silly currentTree ├── os-homedir@1.0.2
62 silly currentTree ├── os-tmpdir@1.0.2
62 silly currentTree ├── osenv@0.1.5
62 silly currentTree ├── parseurl@1.3.2
62 silly currentTree ├── passport-local@1.0.0
62 silly currentTree ├── passport-strategy@1.0.0
62 silly currentTree ├── passport@0.4.0
62 silly currentTree ├── path-is-absolute@1.0.1
62 silly currentTree ├── path-to-regexp@0.1.7
62 silly currentTree ├── pause@0.0.1
62 silly currentTree ├── performance-now@2.1.0
62 silly currentTree ├── process-nextick-args@2.0.0
62 silly currentTree ├── proxy-addr@2.0.2
62 silly currentTree ├── psl@1.1.31
62 silly currentTree ├── punycode@2.1.1
62 silly currentTree ├── qs@6.6.0
62 silly currentTree ├── random-bytes@1.0.0
62 silly currentTree ├── range-parser@1.2.0
62 silly currentTree ├── raw-body@2.3.2
62 silly currentTree ├─┬ rc@1.2.8
62 silly currentTree │ └── minimist@1.2.0
62 silly currentTree ├── readable-stream@2.3.6
62 silly currentTree ├── request-promise-core@1.1.2
62 silly currentTree ├── request-promise@4.2.4
62 silly currentTree ├─┬ request@2.88.0
62 silly currentTree │ ├── mime-db@1.38.0
62 silly currentTree │ ├── mime-types@2.1.22
62 silly currentTree │ ├── qs@6.5.2
62 silly currentTree │ └── safe-buffer@5.1.2
62 silly currentTree ├── rimraf@2.6.3
62 silly currentTree ├── safe-buffer@5.1.1
62 silly currentTree ├── safer-buffer@2.1.2
62 silly currentTree ├── sax@1.2.4
62 silly currentTree ├── semver@5.7.0
62 silly currentTree ├─┬ send@0.16.1
62 silly currentTree │ └── statuses@1.3.1
62 silly currentTree ├── serve-static@1.13.1
62 silly currentTree ├── set-blocking@2.0.0
62 silly currentTree ├── setprototypeof@1.0.3
62 silly currentTree ├── shipping-ups@1.0.0
62 silly currentTree ├── signal-exit@3.0.2
62 silly currentTree ├── source-map@0.1.34
62 silly currentTree ├── sqlstring@2.3.1
62 silly currentTree ├── sshpk@1.16.1
62 silly currentTree ├── statuses@1.4.0
62 silly currentTree ├── stealthy-require@1.1.1
62 silly currentTree ├── string_decoder@1.1.1
62 silly currentTree ├── string-width@1.0.2
62 silly currentTree ├── strip-ansi@3.0.1
62 silly currentTree ├── strip-json-comments@2.0.1
62 silly currentTree ├─┬ tar@4.4.8
62 silly currentTree │ └── safe-buffer@5.1.2
62 silly currentTree ├─┬ tough-cookie@2.4.3
62 silly currentTree │ └── punycode@1.4.1
62 silly currentTree ├── tunnel-agent@0.6.0
62 silly currentTree ├── tweetnacl@0.14.5
62 silly currentTree ├── type-is@1.6.15
62 silly currentTree ├── uglify-js@2.4.24
62 silly currentTree ├── uglify-to-browserify@1.0.2
62 silly currentTree ├── uid-safe@2.1.5
62 silly currentTree ├── unpipe@1.0.0
62 silly currentTree ├── ups-shipping-api@1.0.0
62 silly currentTree ├── ups@1.0.1
62 silly currentTree ├── uri-js@4.2.2
62 silly currentTree ├── util-deprecate@1.0.2
62 silly currentTree ├── utils-merge@1.0.1
62 silly currentTree ├── uuid@3.3.2
62 silly currentTree ├── validator@8.2.0
62 silly currentTree ├── vary@1.1.2
62 silly currentTree ├── verror@1.10.0
62 silly currentTree ├── wide-align@1.1.3
62 silly currentTree ├── window-size@0.1.0
62 silly currentTree ├── wordwrap@0.0.2
62 silly currentTree ├── wrappy@1.0.2
62 silly currentTree ├── yallist@3.0.3
62 silly currentTree └── yargs@3.5.4
63 silly idealTree app@1.0.0
63 silly idealTree ├── @types/body-parser@1.16.8
63 silly idealTree ├── @types/express-serve-static-core@4.0.56
63 silly idealTree ├── @types/express@4.0.39
63 silly idealTree ├── @types/mime@2.0.0
63 silly idealTree ├── @types/node@8.0.53
63 silly idealTree ├── @types/serve-static@1.13.1
63 silly idealTree ├── abbrev@1.1.1
63 silly idealTree ├── accepts@1.3.4
63 silly idealTree ├── ajv@6.10.0
63 silly idealTree ├── amdefine@1.0.1
63 silly idealTree ├── ansi-regex@2.1.1
63 silly idealTree ├── api-request-simple@1.3.1
63 silly idealTree ├── aproba@1.2.0
63 silly idealTree ├── are-we-there-yet@1.1.5
63 silly idealTree ├── array-flatten@1.1.1
63 silly idealTree ├── asn1@0.2.4
63 silly idealTree ├── assert-plus@1.0.0
63 silly idealTree ├── async@0.2.10
63 silly idealTree ├── asynckit@0.4.0
63 silly idealTree ├── aws-sign2@0.7.0
63 silly idealTree ├── aws4@1.8.0
63 silly idealTree ├── balanced-match@1.0.0
63 silly idealTree ├─┬ basic-auth@2.0.1
63 silly idealTree │ └── safe-buffer@5.1.2
63 silly idealTree ├── bcrypt-nodejs@0.0.3
63 silly idealTree ├── bcrypt-pbkdf@1.0.2
63 silly idealTree ├── bcrypt@3.0.5
63 silly idealTree ├── bignumber.js@4.1.0
63 silly idealTree ├── bluebird@3.5.3
63 silly idealTree ├─┬ body-parser@1.18.2
63 silly idealTree │ └── qs@6.5.1
63 silly idealTree ├── brace-expansion@1.1.11
63 silly idealTree ├── bytes@3.0.0
63 silly idealTree ├── camelcase@1.2.1
63 silly idealTree ├── caseless@0.12.0
63 silly idealTree ├── chownr@1.1.1
63 silly idealTree ├── code-point-at@1.1.0
63 silly idealTree ├── combined-stream@1.0.7
63 silly idealTree ├── concat-map@0.0.1
63 silly idealTree ├── console-control-strings@1.1.0
63 silly idealTree ├── content-disposition@0.5.2
63 silly idealTree ├── content-type@1.0.4
63 silly idealTree ├── cookie-parser@1.4.3
63 silly idealTree ├── cookie-signature@1.0.6
63 silly idealTree ├── cookie@0.3.1
63 silly idealTree ├── core-util-is@1.0.2
63 silly idealTree ├── crc@3.4.4
63 silly idealTree ├── csso@1.3.12
63 silly idealTree ├── dashdash@1.14.1
63 silly idealTree ├── debug@2.6.9
63 silly idealTree ├── decamelize@1.2.0
63 silly idealTree ├── deep-extend@0.6.0
63 silly idealTree ├── delayed-stream@1.0.0
63 silly idealTree ├── delegates@1.0.0
63 silly idealTree ├── depd@1.1.1
63 silly idealTree ├── destroy@1.0.4
63 silly idealTree ├── detect-libc@1.0.3
63 silly idealTree ├── ecc-jsbn@0.1.2
63 silly idealTree ├── ee-first@1.1.1
63 silly idealTree ├── ejs@2.5.7
63 silly idealTree ├── encodeurl@1.0.1
63 silly idealTree ├── escape-html@1.0.3
63 silly idealTree ├── etag@1.8.1
63 silly idealTree ├── express-session@1.15.6
63 silly idealTree ├── express-validator@4.3.0
63 silly idealTree ├─┬ express@4.16.2
63 silly idealTree │ ├── qs@6.5.1
63 silly idealTree │ ├── setprototypeof@1.1.0
63 silly idealTree │ └── statuses@1.3.1
63 silly idealTree ├── extend@3.0.2
63 silly idealTree ├── extsprintf@1.3.0
63 silly idealTree ├── fast-deep-equal@2.0.1
63 silly idealTree ├── fast-json-stable-stringify@2.0.0
63 silly idealTree ├── ff@0.2.2
63 silly idealTree ├─┬ finalhandler@1.1.0
63 silly idealTree │ └── statuses@1.3.1
63 silly idealTree ├── forever-agent@0.6.1
63 silly idealTree ├── form-data@2.3.3
63 silly idealTree ├── forwarded@0.1.2
63 silly idealTree ├── fresh@0.5.2
63 silly idealTree ├── fs-minipass@1.2.5
63 silly idealTree ├── fs.realpath@1.0.0
63 silly idealTree ├── gauge@2.7.4
63 silly idealTree ├── getpass@0.1.7
63 silly idealTree ├── glob@7.1.3
63 silly idealTree ├── har-schema@2.0.0
63 silly idealTree ├── har-validator@5.1.3
63 silly idealTree ├── has-unicode@2.0.1
63 silly idealTree ├── http-errors@1.6.2
63 silly idealTree ├── http-signature@1.2.0
63 silly idealTree ├── http@0.0.0
63 silly idealTree ├── iconv-lite@0.4.19
63 silly idealTree ├── ignore-walk@3.0.1
63 silly idealTree ├── inflight@1.0.6
63 silly idealTree ├── inherits@2.0.3
63 silly idealTree ├── ini@1.3.5
63 silly idealTree ├── ipaddr.js@1.5.2
63 silly idealTree ├── is-fullwidth-code-point@1.0.0
63 silly idealTree ├── is-typedarray@1.0.0
63 silly idealTree ├── isarray@1.0.0
63 silly idealTree ├── isstream@0.1.2
63 silly idealTree ├── jsbn@0.1.1
63 silly idealTree ├── json-schema-traverse@0.4.1
63 silly idealTree ├── json-schema@0.2.3
63 silly idealTree ├── json-stringify-safe@5.0.1
63 silly idealTree ├── jsprim@1.4.1
63 silly idealTree ├── lodash@4.17.11
63 silly idealTree ├── media-typer@0.3.0
63 silly idealTree ├── merge-descriptors@1.0.1
63 silly idealTree ├── methods@1.1.2
63 silly idealTree ├── mime-db@1.30.0
63 silly idealTree ├── mime-types@2.1.17
63 silly idealTree ├── mime@1.4.1
63 silly idealTree ├── minimatch@3.0.4
63 silly idealTree ├── minimist@0.0.8
63 silly idealTree ├─┬ minipass@2.3.5
63 silly idealTree │ └── safe-buffer@5.1.2
63 silly idealTree ├── minizlib@1.2.1
63 silly idealTree ├── mkdirp@0.5.1
63 silly idealTree ├─┬ morgan@1.9.1
63 silly idealTree │ └── depd@1.1.2
63 silly idealTree ├── ms@2.0.0
63 silly idealTree ├─┬ mysql@2.16.0
63 silly idealTree │ └── safe-buffer@5.1.2
63 silly idealTree ├── nan@2.13.1
63 silly idealTree ├── needle@2.2.4
63 silly idealTree ├── negotiator@0.6.1
63 silly idealTree ├── node-pre-gyp@0.12.0
63 silly idealTree ├── nopt@4.0.1
63 silly idealTree ├── npm-bundled@1.0.6
63 silly idealTree ├── npm-packlist@1.4.1
63 silly idealTree ├── npmlog@4.1.2
63 silly idealTree ├── number-is-nan@1.0.1
63 silly idealTree ├── oauth-sign@0.9.0
63 silly idealTree ├── object-assign@4.1.1
63 silly idealTree ├── on-finished@2.3.0
63 silly idealTree ├── on-headers@1.0.1
63 silly idealTree ├── once@1.4.0
63 silly idealTree ├── os-homedir@1.0.2
63 silly idealTree ├── os-tmpdir@1.0.2
63 silly idealTree ├── osenv@0.1.5
63 silly idealTree ├── parseurl@1.3.2
63 silly idealTree ├── passport-local@1.0.0
63 silly idealTree ├── passport-strategy@1.0.0
63 silly idealTree ├── passport@0.4.0
63 silly idealTree ├── path-is-absolute@1.0.1
63 silly idealTree ├── path-to-regexp@0.1.7
63 silly idealTree ├── pause@0.0.1
63 silly idealTree ├── performance-now@2.1.0
63 silly idealTree ├── process-nextick-args@2.0.0
63 silly idealTree ├── proxy-addr@2.0.2
63 silly idealTree ├── psl@1.1.31
63 silly idealTree ├── punycode@2.1.1
63 silly idealTree ├── qs@6.6.0
63 silly idealTree ├── random-bytes@1.0.0
63 silly idealTree ├── range-parser@1.2.0
63 silly idealTree ├── raw-body@2.3.2
63 silly idealTree ├─┬ rc@1.2.8
63 silly idealTree │ └── minimist@1.2.0
63 silly idealTree ├── readable-stream@2.3.6
63 silly idealTree ├── request-promise-core@1.1.2
63 silly idealTree ├── request-promise@4.2.4
63 silly idealTree ├─┬ request@2.88.0
63 silly idealTree │ ├── mime-db@1.38.0
63 silly idealTree │ ├── mime-types@2.1.22
63 silly idealTree │ ├── qs@6.5.2
63 silly idealTree │ └── safe-buffer@5.1.2
63 silly idealTree ├── rimraf@2.6.3
63 silly idealTree ├── safe-buffer@5.1.1
63 silly idealTree ├── safer-buffer@2.1.2
63 silly idealTree ├── sax@1.2.4
63 silly idealTree ├── semver@5.7.0
63 silly idealTree ├─┬ send@0.16.1
63 silly idealTree │ └── statuses@1.3.1
63 silly idealTree ├── serve-static@1.13.1
63 silly idealTree ├── set-blocking@2.0.0
63 silly idealTree ├── setprototypeof@1.0.3
63 silly idealTree ├── shipping-ups@1.0.0
63 silly idealTree ├── signal-exit@3.0.2
63 silly idealTree ├── source-map@0.1.34
63 silly idealTree ├── sqlstring@2.3.1
63 silly idealTree ├── sshpk@1.16.1
63 silly idealTree ├── statuses@1.4.0
63 silly idealTree ├── stealthy-require@1.1.1
63 silly idealTree ├── string_decoder@1.1.1
63 silly idealTree ├── string-width@1.0.2
63 silly idealTree ├── strip-ansi@3.0.1
63 silly idealTree ├── strip-json-comments@2.0.1
63 silly idealTree ├─┬ tar@4.4.8
63 silly idealTree │ └── safe-buffer@5.1.2
63 silly idealTree ├─┬ tough-cookie@2.4.3
63 silly idealTree │ └── punycode@1.4.1
63 silly idealTree ├── tunnel-agent@0.6.0
63 silly idealTree ├── tweetnacl@0.14.5
63 silly idealTree ├── type-is@1.6.15
63 silly idealTree ├── uglify-js@2.4.24
63 silly idealTree ├── uglify-to-browserify@1.0.2
63 silly idealTree ├── uid-safe@2.1.5
63 silly idealTree ├── unpipe@1.0.0
63 silly idealTree ├── ups-shipping-api@1.0.0
63 silly idealTree ├── ups@1.0.1
63 silly idealTree ├── uri-js@4.2.2
63 silly idealTree ├── util-deprecate@1.0.2
63 silly idealTree ├── utils-merge@1.0.1
63 silly idealTree ├── uuid@3.3.2
63 silly idealTree ├── validator@8.2.0
63 silly idealTree ├── vary@1.1.2
63 silly idealTree ├── verror@1.10.0
63 silly idealTree ├── wide-align@1.1.3
63 silly idealTree ├── window-size@0.1.0
63 silly idealTree ├── wordwrap@0.0.2
63 silly idealTree ├── wrappy@1.0.2
63 silly idealTree ├── yallist@3.0.3
63 silly idealTree └── yargs@3.5.4
64 silly generateActionsToTake Starting
65 silly install generateActionsToTake
66 silly generateActionsToTake Finishing
67 silly diffTrees action count 1
68 silly diffTrees add bcrypt@3.0.5
69 silly decomposeActions action count 8
70 silly decomposeActions fetch bcrypt@3.0.5
71 silly decomposeActions extract bcrypt@3.0.5
72 silly decomposeActions test bcrypt@3.0.5
73 silly decomposeActions preinstall bcrypt@3.0.5
74 silly decomposeActions build bcrypt@3.0.5
75 silly decomposeActions install bcrypt@3.0.5
76 silly decomposeActions postinstall bcrypt@3.0.5
77 silly decomposeActions finalize bcrypt@3.0.5
78 silly runTopLevelLifecycles Starting
79 silly executeActions Starting
80 silly install executeActions
81 silly doSerial global-install 0
82 silly doParallel fetch 1
83 verbose correctMkdir /Users/diogovieira/.npm/_locks correctMkdir not in flight; initializing
84 verbose lock using /Users/diogovieira/.npm/_locks/staging-5e80f5928d649e3d.lock for /Users/diogovieira/Documents/GitHub/ISI/node_modules/.staging
85 silly doParallel extract 1
86 silly extract bcrypt@3.0.5
87 verbose unbuild node_modules/.staging/bcrypt-f6199451
88 silly gentlyRm /Users/diogovieira/Documents/GitHub/ISI/node_modules/.staging/bcrypt-f6199451 is being purged from base /Users/diogovieira/Documents/GitHub/ISI
89 verbose gentlyRm don't care about contents; nuking /Users/diogovieira/Documents/GitHub/ISI/node_modules/.staging/bcrypt-f6199451
90 verbose tar unpack /Users/diogovieira/.npm/bcrypt/3.0.5/package.tgz
91 verbose tar unpacking to /Users/diogovieira/Documents/GitHub/ISI/node_modules/.staging/bcrypt-f6199451
92 silly gentlyRm /Users/diogovieira/Documents/GitHub/ISI/node_modules/.staging/bcrypt-f6199451 is being purged
93 verbose gentlyRm don't care about contents; nuking /Users/diogovieira/Documents/GitHub/ISI/node_modules/.staging/bcrypt-f6199451
94 silly gunzTarPerm modes [ '755', '644' ]
95 silly gunzTarPerm extractEntry package.json
96 silly gunzTarPerm modified mode [ 'package.json', 436, 420 ]
97 silly gunzTarPerm extractEntry .editorconfig
98 silly gunzTarPerm modified mode [ '.editorconfig', 436, 420 ]
99 silly gunzTarPerm extractEntry .travis.yml
100 silly gunzTarPerm modified mode [ '.travis.yml', 436, 420 ]
101 silly gunzTarPerm extractEntry appveyor.yml
102 silly gunzTarPerm modified mode [ 'appveyor.yml', 436, 420 ]
103 silly gunzTarPerm extractEntry bcrypt.js
104 silly gunzTarPerm modified mode [ 'bcrypt.js', 436, 420 ]
105 silly gunzTarPerm extractEntry binding.gyp
106 silly gunzTarPerm modified mode [ 'binding.gyp', 436, 420 ]
107 silly gunzTarPerm extractEntry CHANGELOG.md
108 silly gunzTarPerm modified mode [ 'CHANGELOG.md', 436, 420 ]
109 silly gunzTarPerm extractEntry ISSUE_TEMPLATE.md
110 silly gunzTarPerm modified mode [ 'ISSUE_TEMPLATE.md', 436, 420 ]
111 silly gunzTarPerm extractEntry LICENSE
112 silly gunzTarPerm modified mode [ 'LICENSE', 436, 420 ]
113 silly gunzTarPerm extractEntry Makefile
114 silly gunzTarPerm modified mode [ 'Makefile', 436, 420 ]
115 silly gunzTarPerm extractEntry promises.js
116 silly gunzTarPerm modified mode [ 'promises.js', 436, 420 ]
117 silly gunzTarPerm extractEntry README.md
118 silly gunzTarPerm modified mode [ 'README.md', 436, 420 ]
119 silly gunzTarPerm extractEntry examples/async_compare.js
120 silly gunzTarPerm modified mode [ 'examples/async_compare.js', 436, 420 ]
121 silly gunzTarPerm extractEntry examples/forever_gen_salt.js
122 silly gunzTarPerm modified mode [ 'examples/forever_gen_salt.js', 436, 420 ]
123 silly gunzTarPerm extractEntry src/bcrypt_node.cc
124 silly gunzTarPerm modified mode [ 'src/bcrypt_node.cc', 436, 420 ]
125 silly gunzTarPerm extractEntry src/bcrypt.cc
126 silly gunzTarPerm modified mode [ 'src/bcrypt.cc', 436, 420 ]
127 silly gunzTarPerm extractEntry src/blowfish.cc
128 silly gunzTarPerm modified mode [ 'src/blowfish.cc', 436, 420 ]
129 silly gunzTarPerm extractEntry src/node_blf.h
130 silly gunzTarPerm modified mode [ 'src/node_blf.h', 436, 420 ]
131 silly gunzTarPerm extractEntry test/async.js
132 silly gunzTarPerm modified mode [ 'test/async.js', 436, 420 ]
133 silly gunzTarPerm extractEntry test/implementation.js
134 silly gunzTarPerm modified mode [ 'test/implementation.js', 436, 420 ]
135 silly gunzTarPerm extractEntry test/promise.js
136 silly gunzTarPerm modified mode [ 'test/promise.js', 436, 420 ]
137 silly gunzTarPerm extractEntry test/repetitions.js
138 silly gunzTarPerm modified mode [ 'test/repetitions.js', 436, 420 ]
139 silly gunzTarPerm extractEntry test/sync.js
140 silly gunzTarPerm modified mode [ 'test/sync.js', 436, 420 ]
141 silly gentlyRm /Users/diogovieira/Documents/GitHub/ISI/node_modules/.staging/bcrypt-f6199451/node_modules is being purged
142 verbose gentlyRm don't care about contents; nuking /Users/diogovieira/Documents/GitHub/ISI/node_modules/.staging/bcrypt-f6199451/node_modules
143 silly doParallel preinstall 1
144 silly preinstall bcrypt@3.0.5 /Users/diogovieira/Documents/GitHub/ISI/node_modules/.staging/bcrypt-f6199451
145 info lifecycle bcrypt@3.0.5~preinstall: bcrypt@3.0.5
146 silly lifecycle bcrypt@3.0.5~preinstall: no script for preinstall, continuing
147 silly doReverseSerial remove 0
148 silly doSerial move 0
149 silly doSerial finalize 1
150 silly finalize /Users/diogovieira/Documents/GitHub/ISI/node_modules/bcrypt
151 silly doSerial build 1
152 silly build bcrypt@3.0.5
153 info linkStuff bcrypt@3.0.5
154 silly linkStuff bcrypt@3.0.5 has /Users/diogovieira/Documents/GitHub/ISI/node_modules as its parent node_modules
155 verbose linkBins bcrypt@3.0.5
156 verbose linkMans bcrypt@3.0.5
157 silly doSerial global-link 0
158 silly doParallel update-linked 0
159 silly doSerial install 1
160 silly install bcrypt@3.0.5 /Users/diogovieira/Documents/GitHub/ISI/node_modules/.staging/bcrypt-f6199451
161 info lifecycle bcrypt@3.0.5~install: bcrypt@3.0.5
162 verbose lifecycle bcrypt@3.0.5~install: unsafe-perm in lifecycle false
163 verbose lifecycle bcrypt@3.0.5~install: PATH: /usr/local/lib/node_modules/npm/bin/node-gyp-bin:/Users/diogovieira/Documents/GitHub/ISI/node_modules/bcrypt/node_modules/.bin:/Users/diogovieira/Documents/GitHub/ISI/node_modules/.bin:/usr/local/bin:/usr/bin:/bin:/usr/sbin:/sbin:/usr/local/share/dotnet:~/.dotnet/tools:/Library/Frameworks/Mono.framework/Versions/Current/Commands
164 verbose lifecycle bcrypt@3.0.5~install: CWD: /Users/diogovieira/Documents/GitHub/ISI/node_modules/bcrypt
165 silly lifecycle bcrypt@3.0.5~install: Args: [ '-c', 'node-pre-gyp install --fallback-to-build' ]
166 silly lifecycle bcrypt@3.0.5~install: Returned: code: 126  signal: null
167 info lifecycle bcrypt@3.0.5~install: Failed to exec install script
168 verbose unlock done using /Users/diogovieira/.npm/_locks/staging-5e80f5928d649e3d.lock for /Users/diogovieira/Documents/GitHub/ISI/node_modules/.staging
169 silly rollbackFailedOptional Starting
170 silly rollbackFailedOptional Finishing
171 silly runTopLevelLifecycles Finishing
172 silly install printInstalled
173 warn app@1.0.0 No description
174 verbose If you need help, you may report this error at:
174 verbose     <https://github.com/npm/npm/issues>
175 verbose stack Error: bcrypt@3.0.5 install: `node-pre-gyp install --fallback-to-build`
175 verbose stack Exit status 126
175 verbose stack     at EventEmitter.<anonymous> (/usr/local/lib/node_modules/npm/lib/utils/lifecycle.js:255:16)
175 verbose stack     at EventEmitter.emit (events.js:189:13)
175 verbose stack     at ChildProcess.<anonymous> (/usr/local/lib/node_modules/npm/lib/utils/spawn.js:40:14)
175 verbose stack     at ChildProcess.emit (events.js:189:13)
175 verbose stack     at maybeClose (internal/child_process.js:970:16)
175 verbose stack     at Process.ChildProcess._handle.onexit (internal/child_process.js:259:5)
176 verbose pkgid bcrypt@3.0.5
177 verbose cwd /Users/diogovieira/Documents/GitHub/ISI
178 error Darwin 18.5.0
179 error argv "/usr/local/bin/node" "/usr/local/bin/npm" "install" "bcrypt"
180 error node v10.15.3
181 error npm  v3.10.10
182 error code ELIFECYCLE
183 error bcrypt@3.0.5 install: `node-pre-gyp install --fallback-to-build`
183 error Exit status 126
184 error Failed at the bcrypt@3.0.5 install script 'node-pre-gyp install --fallback-to-build'.
184 error Make sure you have the latest version of node.js and npm installed.
184 error If you do, this is most likely a problem with the bcrypt package,
184 error not with npm itself.
184 error Tell the author that this fails on your system:
184 error     node-pre-gyp install --fallback-to-build
184 error You can get information on how to open an issue for this project with:
184 error     npm bugs bcrypt
184 error Or if that isn't available, you can get their info via:
184 error     npm owner ls bcrypt
184 error There is likely additional logging output above.
185 verbose exit [ 1, true ]
